/Users/sikka-mac/Obsidian/Second_Brain/02 - Areas/Personal_Website/vendor/bundle/ruby/3.3.0/gems/citeproc-ruby-1.1.14/lib/citeproc/ruby.rb:1: warning: observer was loaded from the standard library, but will no longer be part of the default gems since Ruby 3.4.0. Add observer to your Gemfile or gemspec. Also contact author of citeproc-ruby-1.1.14 to add observer into its gemspec.
Configuration file: /Users/sikka-mac/Obsidian/Second_Brain/02 - Areas/Personal_Website/_config.yml
            Source: /Users/sikka-mac/Obsidian/Second_Brain/02 - Areas/Personal_Website
       Destination: /Users/sikka-mac/Obsidian/Second_Brain/02 - Areas/Personal_Website/_site
 Incremental build: disabled. Enable with --incremental
      Generating... 
         AutoPages: Disabled/Not configured in site.config.
[33m        Pagination: Is enabled, but I couldn't find any pagination page. Skipping pagination. Pages must have 'pagination: enabled: true' in their front-matter for pagination to work.[0m
        Pagination: Complete, processed pagination page(s)
       Imagemagick: Searching files in /Users/sikka-mac/Obsidian/Second_Brain/02 - Areas/Personal_Website/assets/img/
       Imagemagick: Adding static file /Users/sikka-mac/Obsidian/Second_Brain/02 - Areas/Personal_Website/_site/assets/img/CORA/PSSS_S2_2024_CORA Fact Sheet.Final_URS329489-1-480.webp
       Imagemagick: Adding static file /Users/sikka-mac/Obsidian/Second_Brain/02 - Areas/Personal_Website/_site/assets/img/CORA/PSSS_S2_2024_CORA Fact Sheet.Final_URS329489-1-800.webp
       Imagemagick: Adding static file /Users/sikka-mac/Obsidian/Second_Brain/02 - Areas/Personal_Website/_site/assets/img/CORA/PSSS_S2_2024_CORA Fact Sheet.Final_URS329489-1-1400.webp
       Imagemagick: Adding static file /Users/sikka-mac/Obsidian/Second_Brain/02 - Areas/Personal_Website/_site/assets/img/Favicon_AerospaceNerd-480.webp
       Imagemagick: Adding static file /Users/sikka-mac/Obsidian/Second_Brain/02 - Areas/Personal_Website/_site/assets/img/Favicon_AerospaceNerd-800.webp
       Imagemagick: Adding static file /Users/sikka-mac/Obsidian/Second_Brain/02 - Areas/Personal_Website/_site/assets/img/Favicon_AerospaceNerd-1400.webp
       Imagemagick: Adding static file /Users/sikka-mac/Obsidian/Second_Brain/02 - Areas/Personal_Website/_site/assets/img/IITBSSP/Team_Treat_2019-480.webp
       Imagemagick: Adding static file /Users/sikka-mac/Obsidian/Second_Brain/02 - Areas/Personal_Website/_site/assets/img/IITBSSP/Team_Treat_2019-800.webp
       Imagemagick: Adding static file /Users/sikka-mac/Obsidian/Second_Brain/02 - Areas/Personal_Website/_site/assets/img/IITBSSP/Team_Treat_2019-1400.webp
       Imagemagick: Adding static file /Users/sikka-mac/Obsidian/Second_Brain/02 - Areas/Personal_Website/_site/assets/img/IITBSSP/lab-480.webp
       Imagemagick: Adding static file /Users/sikka-mac/Obsidian/Second_Brain/02 - Areas/Personal_Website/_site/assets/img/IITBSSP/lab-800.webp
       Imagemagick: Adding static file /Users/sikka-mac/Obsidian/Second_Brain/02 - Areas/Personal_Website/_site/assets/img/IITBSSP/lab-1400.webp
       Imagemagick: Adding static file /Users/sikka-mac/Obsidian/Second_Brain/02 - Areas/Personal_Website/_site/assets/img/IITBSSP/logo-480.webp
       Imagemagick: Adding static file /Users/sikka-mac/Obsidian/Second_Brain/02 - Areas/Personal_Website/_site/assets/img/IITBSSP/logo-800.webp
       Imagemagick: Adding static file /Users/sikka-mac/Obsidian/Second_Brain/02 - Areas/Personal_Website/_site/assets/img/IITBSSP/logo-1400.webp
       Imagemagick: Adding static file /Users/sikka-mac/Obsidian/Second_Brain/02 - Areas/Personal_Website/_site/assets/img/IITBSSP/pratham-480.webp
       Imagemagick: Adding static file /Users/sikka-mac/Obsidian/Second_Brain/02 - Areas/Personal_Website/_site/assets/img/IITBSSP/pratham-800.webp
       Imagemagick: Adding static file /Users/sikka-mac/Obsidian/Second_Brain/02 - Areas/Personal_Website/_site/assets/img/IITBSSP/pratham-1400.webp
       Imagemagick: Adding static file /Users/sikka-mac/Obsidian/Second_Brain/02 - Areas/Personal_Website/_site/assets/img/Polymele_occultation/polymele_1-480.webp
       Imagemagick: Adding static file /Users/sikka-mac/Obsidian/Second_Brain/02 - Areas/Personal_Website/_site/assets/img/Polymele_occultation/polymele_1-800.webp
       Imagemagick: Adding static file /Users/sikka-mac/Obsidian/Second_Brain/02 - Areas/Personal_Website/_site/assets/img/Polymele_occultation/polymele_1-1400.webp
       Imagemagick: Adding static file /Users/sikka-mac/Obsidian/Second_Brain/02 - Areas/Personal_Website/_site/assets/img/Polymele_occultation/polymele_2-480.webp
       Imagemagick: Adding static file /Users/sikka-mac/Obsidian/Second_Brain/02 - Areas/Personal_Website/_site/assets/img/Polymele_occultation/polymele_2-800.webp
       Imagemagick: Adding static file /Users/sikka-mac/Obsidian/Second_Brain/02 - Areas/Personal_Website/_site/assets/img/Polymele_occultation/polymele_2-1400.webp
       Imagemagick: Adding static file /Users/sikka-mac/Obsidian/Second_Brain/02 - Areas/Personal_Website/_site/assets/img/Profile_pic-480.webp
       Imagemagick: Adding static file /Users/sikka-mac/Obsidian/Second_Brain/02 - Areas/Personal_Website/_site/assets/img/Profile_pic-800.webp
       Imagemagick: Adding static file /Users/sikka-mac/Obsidian/Second_Brain/02 - Areas/Personal_Website/_site/assets/img/Profile_pic-1400.webp
       Imagemagick: Adding static file /Users/sikka-mac/Obsidian/Second_Brain/02 - Areas/Personal_Website/_site/assets/img/SIZLE/Fact Sheet-480.webp
       Imagemagick: Adding static file /Users/sikka-mac/Obsidian/Second_Brain/02 - Areas/Personal_Website/_site/assets/img/SIZLE/Fact Sheet-800.webp
       Imagemagick: Adding static file /Users/sikka-mac/Obsidian/Second_Brain/02 - Areas/Personal_Website/_site/assets/img/SIZLE/Fact Sheet-1400.webp
       Imagemagick: Adding static file /Users/sikka-mac/Obsidian/Second_Brain/02 - Areas/Personal_Website/_site/assets/img/Substack_logo-480.webp
       Imagemagick: Adding static file /Users/sikka-mac/Obsidian/Second_Brain/02 - Areas/Personal_Website/_site/assets/img/Substack_logo-800.webp
       Imagemagick: Adding static file /Users/sikka-mac/Obsidian/Second_Brain/02 - Areas/Personal_Website/_site/assets/img/Substack_logo-1400.webp
       Imagemagick: Adding static file /Users/sikka-mac/Obsidian/Second_Brain/02 - Areas/Personal_Website/_site/assets/img/blog_preview-480.webp
       Imagemagick: Adding static file /Users/sikka-mac/Obsidian/Second_Brain/02 - Areas/Personal_Website/_site/assets/img/blog_preview-800.webp
       Imagemagick: Adding static file /Users/sikka-mac/Obsidian/Second_Brain/02 - Areas/Personal_Website/_site/assets/img/blog_preview-1400.webp
       Imagemagick: Adding static file /Users/sikka-mac/Obsidian/Second_Brain/02 - Areas/Personal_Website/_site/assets/img/blog_preview-480.webp
       Imagemagick: Adding static file /Users/sikka-mac/Obsidian/Second_Brain/02 - Areas/Personal_Website/_site/assets/img/blog_preview-800.webp
       Imagemagick: Adding static file /Users/sikka-mac/Obsidian/Second_Brain/02 - Areas/Personal_Website/_site/assets/img/blog_preview-1400.webp
       Imagemagick: Adding static file /Users/sikka-mac/Obsidian/Second_Brain/02 - Areas/Personal_Website/_site/assets/img/project_preview/CORA-logo-480.webp
       Imagemagick: Adding static file /Users/sikka-mac/Obsidian/Second_Brain/02 - Areas/Personal_Website/_site/assets/img/project_preview/CORA-logo-800.webp
       Imagemagick: Adding static file /Users/sikka-mac/Obsidian/Second_Brain/02 - Areas/Personal_Website/_site/assets/img/project_preview/CORA-logo-1400.webp
       Imagemagick: Adding static file /Users/sikka-mac/Obsidian/Second_Brain/02 - Areas/Personal_Website/_site/assets/img/project_preview/SIZLE_MissionPatch_Ver2a-480.webp
       Imagemagick: Adding static file /Users/sikka-mac/Obsidian/Second_Brain/02 - Areas/Personal_Website/_site/assets/img/project_preview/SIZLE_MissionPatch_Ver2a-800.webp
       Imagemagick: Adding static file /Users/sikka-mac/Obsidian/Second_Brain/02 - Areas/Personal_Website/_site/assets/img/project_preview/SIZLE_MissionPatch_Ver2a-1400.webp
       Imagemagick: Adding static file /Users/sikka-mac/Obsidian/Second_Brain/02 - Areas/Personal_Website/_site/assets/img/project_preview/mag-avalanching-480.webp
       Imagemagick: Adding static file /Users/sikka-mac/Obsidian/Second_Brain/02 - Areas/Personal_Website/_site/assets/img/project_preview/mag-avalanching-800.webp
       Imagemagick: Adding static file /Users/sikka-mac/Obsidian/Second_Brain/02 - Areas/Personal_Website/_site/assets/img/project_preview/mag-avalanching-1400.webp
       Imagemagick: Adding static file /Users/sikka-mac/Obsidian/Second_Brain/02 - Areas/Personal_Website/_site/assets/img/project_preview/polymele_occult-480.webp
       Imagemagick: Adding static file /Users/sikka-mac/Obsidian/Second_Brain/02 - Areas/Personal_Website/_site/assets/img/project_preview/polymele_occult-800.webp
       Imagemagick: Adding static file /Users/sikka-mac/Obsidian/Second_Brain/02 - Areas/Personal_Website/_site/assets/img/project_preview/polymele_occult-1400.webp
       Imagemagick: Adding static file /Users/sikka-mac/Obsidian/Second_Brain/02 - Areas/Personal_Website/_site/assets/img/project_preview/pratham_logo-480.webp
       Imagemagick: Adding static file /Users/sikka-mac/Obsidian/Second_Brain/02 - Areas/Personal_Website/_site/assets/img/project_preview/pratham_logo-800.webp
       Imagemagick: Adding static file /Users/sikka-mac/Obsidian/Second_Brain/02 - Areas/Personal_Website/_site/assets/img/project_preview/pratham_logo-1400.webp
       Imagemagick: Adding static file /Users/sikka-mac/Obsidian/Second_Brain/02 - Areas/Personal_Website/_site/assets/img/publication_preview/neowarp-480.webp
       Imagemagick: Adding static file /Users/sikka-mac/Obsidian/Second_Brain/02 - Areas/Personal_Website/_site/assets/img/publication_preview/neowarp-800.webp
       Imagemagick: Adding static file /Users/sikka-mac/Obsidian/Second_Brain/02 - Areas/Personal_Website/_site/assets/img/publication_preview/neowarp-1400.webp
       Imagemagick: Adding static file /Users/sikka-mac/Obsidian/Second_Brain/02 - Areas/Personal_Website/_site/assets/img/publication_preview/sikka_develop_2023-480.webp
       Imagemagick: Adding static file /Users/sikka-mac/Obsidian/Second_Brain/02 - Areas/Personal_Website/_site/assets/img/publication_preview/sikka_develop_2023-800.webp
       Imagemagick: Adding static file /Users/sikka-mac/Obsidian/Second_Brain/02 - Areas/Personal_Website/_site/assets/img/publication_preview/sikka_develop_2023-1400.webp
       Imagemagick: Adding static file /Users/sikka-mac/Obsidian/Second_Brain/02 - Areas/Personal_Website/_site/assets/img/publication_preview/sikka_model_2026-480.webp
       Imagemagick: Adding static file /Users/sikka-mac/Obsidian/Second_Brain/02 - Areas/Personal_Website/_site/assets/img/publication_preview/sikka_model_2026-800.webp
       Imagemagick: Adding static file /Users/sikka-mac/Obsidian/Second_Brain/02 - Areas/Personal_Website/_site/assets/img/publication_preview/sikka_model_2026-1400.webp
       Imagemagick: Generated 0 file(s)
       Jekyll Feed: Generating feed for posts
[31m  Liquid Exception: Invalid syntax for include tag: title="Space Flight Dynamics | ENAE 404" subtitle="Undergraduate level course to introduce orbit mechanics, taught by Brent Barbee" badge="Spring 2025" location="UMD" items=site.data.teaching_roles[0].items Valid syntax: {% include file.ext param='value' param2='value' %} in _pages/teaching.md[0m
[31m                    ------------------------------------------------[0m
[31m      Jekyll 4.3.3   Please append `--trace` to the `build` command [0m
[31m                     for any additional information or backtrace. [0m
[31m                    ------------------------------------------------[0m
/Users/sikka-mac/Obsidian/Second_Brain/02 - Areas/Personal_Website/vendor/bundle/ruby/3.3.0/gems/jekyll-4.3.3/lib/jekyll/tags/include.rb:70:in `validate_params': Invalid syntax for include tag: (ArgumentError)

title="Space Flight Dynamics | ENAE 404" subtitle="Undergraduate level course to introduce orbit mechanics, taught by Brent Barbee" badge="Spring 2025" location="UMD" items=site.data.teaching_roles[0].items

Valid syntax:

{% include file.ext param='value' param2='value' %}



          raise ArgumentError, <<~MSG
                ^^^^^^^^^^^^^^^^^^^^^
	from /Users/sikka-mac/Obsidian/Second_Brain/02 - Areas/Personal_Website/vendor/bundle/ruby/3.3.0/gems/jekyll-4.3.3/lib/jekyll/tags/include.rb:29:in `initialize'
	from /Users/sikka-mac/Obsidian/Second_Brain/02 - Areas/Personal_Website/vendor/bundle/ruby/3.3.0/gems/liquid-4.0.4/lib/liquid/tag.rb:9:in `new'
	from /Users/sikka-mac/Obsidian/Second_Brain/02 - Areas/Personal_Website/vendor/bundle/ruby/3.3.0/gems/liquid-4.0.4/lib/liquid/tag.rb:9:in `parse'
	from /Users/sikka-mac/Obsidian/Second_Brain/02 - Areas/Personal_Website/vendor/bundle/ruby/3.3.0/gems/liquid-4.0.4/lib/liquid/block_body.rb:34:in `parse'
	from /Users/sikka-mac/Obsidian/Second_Brain/02 - Areas/Personal_Website/vendor/bundle/ruby/3.3.0/gems/liquid-4.0.4/lib/liquid/document.rb:10:in `parse'
	from /Users/sikka-mac/Obsidian/Second_Brain/02 - Areas/Personal_Website/vendor/bundle/ruby/3.3.0/gems/liquid-4.0.4/lib/liquid/document.rb:5:in `parse'
	from /Users/sikka-mac/Obsidian/Second_Brain/02 - Areas/Personal_Website/vendor/bundle/ruby/3.3.0/gems/liquid-4.0.4/lib/liquid/template.rb:130:in `parse'
	from /Users/sikka-mac/Obsidian/Second_Brain/02 - Areas/Personal_Website/vendor/bundle/ruby/3.3.0/gems/liquid-4.0.4/lib/liquid/template.rb:114:in `parse'
	from /Users/sikka-mac/Obsidian/Second_Brain/02 - Areas/Personal_Website/vendor/bundle/ruby/3.3.0/gems/jekyll-4.3.3/lib/jekyll/liquid_renderer/file.rb:13:in `block in parse'
	from /Users/sikka-mac/Obsidian/Second_Brain/02 - Areas/Personal_Website/vendor/bundle/ruby/3.3.0/gems/jekyll-4.3.3/lib/jekyll/liquid_renderer/file.rb:70:in `measure_time'
	from /Users/sikka-mac/Obsidian/Second_Brain/02 - Areas/Personal_Website/vendor/bundle/ruby/3.3.0/gems/jekyll-4.3.3/lib/jekyll/liquid_renderer/file.rb:12:in `parse'
	from /Users/sikka-mac/Obsidian/Second_Brain/02 - Areas/Personal_Website/vendor/bundle/ruby/3.3.0/gems/jekyll-4.3.3/lib/jekyll/renderer.rb:124:in `render_liquid'
	from /Users/sikka-mac/Obsidian/Second_Brain/02 - Areas/Personal_Website/vendor/bundle/ruby/3.3.0/gems/jekyll-4.3.3/lib/jekyll/renderer.rb:80:in `render_document'
	from /Users/sikka-mac/Obsidian/Second_Brain/02 - Areas/Personal_Website/vendor/bundle/ruby/3.3.0/gems/jekyll-4.3.3/lib/jekyll/renderer.rb:63:in `run'
	from /Users/sikka-mac/Obsidian/Second_Brain/02 - Areas/Personal_Website/vendor/bundle/ruby/3.3.0/gems/jekyll-4.3.3/lib/jekyll/site.rb:572:in `render_regenerated'
	from /Users/sikka-mac/Obsidian/Second_Brain/02 - Areas/Personal_Website/vendor/bundle/ruby/3.3.0/gems/jekyll-4.3.3/lib/jekyll/site.rb:564:in `block in render_pages'
	from /Users/sikka-mac/Obsidian/Second_Brain/02 - Areas/Personal_Website/vendor/bundle/ruby/3.3.0/gems/jekyll-4.3.3/lib/jekyll/site.rb:563:in `each'
	from /Users/sikka-mac/Obsidian/Second_Brain/02 - Areas/Personal_Website/vendor/bundle/ruby/3.3.0/gems/jekyll-4.3.3/lib/jekyll/site.rb:563:in `render_pages'
	from /Users/sikka-mac/Obsidian/Second_Brain/02 - Areas/Personal_Website/vendor/bundle/ruby/3.3.0/gems/jekyll-4.3.3/lib/jekyll/site.rb:211:in `render'
	from /Users/sikka-mac/Obsidian/Second_Brain/02 - Areas/Personal_Website/vendor/bundle/ruby/3.3.0/gems/jekyll-4.3.3/lib/jekyll/site.rb:80:in `process'
	from /Users/sikka-mac/Obsidian/Second_Brain/02 - Areas/Personal_Website/vendor/bundle/ruby/3.3.0/gems/jekyll-4.3.3/lib/jekyll/command.rb:28:in `process_site'
	from /Users/sikka-mac/Obsidian/Second_Brain/02 - Areas/Personal_Website/vendor/bundle/ruby/3.3.0/gems/jekyll-4.3.3/lib/jekyll/commands/build.rb:65:in `build'
	from /Users/sikka-mac/Obsidian/Second_Brain/02 - Areas/Personal_Website/vendor/bundle/ruby/3.3.0/gems/jekyll-4.3.3/lib/jekyll/commands/build.rb:36:in `process'
	from /Users/sikka-mac/Obsidian/Second_Brain/02 - Areas/Personal_Website/vendor/bundle/ruby/3.3.0/gems/jekyll-4.3.3/lib/jekyll/command.rb:91:in `block in process_with_graceful_fail'
	from /Users/sikka-mac/Obsidian/Second_Brain/02 - Areas/Personal_Website/vendor/bundle/ruby/3.3.0/gems/jekyll-4.3.3/lib/jekyll/command.rb:91:in `each'
	from /Users/sikka-mac/Obsidian/Second_Brain/02 - Areas/Personal_Website/vendor/bundle/ruby/3.3.0/gems/jekyll-4.3.3/lib/jekyll/command.rb:91:in `process_with_graceful_fail'
	from /Users/sikka-mac/Obsidian/Second_Brain/02 - Areas/Personal_Website/vendor/bundle/ruby/3.3.0/gems/jekyll-4.3.3/lib/jekyll/commands/build.rb:18:in `block (2 levels) in init_with_program'
	from /Users/sikka-mac/Obsidian/Second_Brain/02 - Areas/Personal_Website/vendor/bundle/ruby/3.3.0/gems/mercenary-0.4.0/lib/mercenary/command.rb:221:in `block in execute'
	from /Users/sikka-mac/Obsidian/Second_Brain/02 - Areas/Personal_Website/vendor/bundle/ruby/3.3.0/gems/mercenary-0.4.0/lib/mercenary/command.rb:221:in `each'
	from /Users/sikka-mac/Obsidian/Second_Brain/02 - Areas/Personal_Website/vendor/bundle/ruby/3.3.0/gems/mercenary-0.4.0/lib/mercenary/command.rb:221:in `execute'
	from /Users/sikka-mac/Obsidian/Second_Brain/02 - Areas/Personal_Website/vendor/bundle/ruby/3.3.0/gems/mercenary-0.4.0/lib/mercenary/program.rb:44:in `go'
	from /Users/sikka-mac/Obsidian/Second_Brain/02 - Areas/Personal_Website/vendor/bundle/ruby/3.3.0/gems/mercenary-0.4.0/lib/mercenary.rb:21:in `program'
	from /Users/sikka-mac/Obsidian/Second_Brain/02 - Areas/Personal_Website/vendor/bundle/ruby/3.3.0/gems/jekyll-4.3.3/exe/jekyll:15:in `<top (required)>'
	from /Users/sikka-mac/Obsidian/Second_Brain/02 - Areas/Personal_Website/vendor/bundle/ruby/3.3.0/bin/jekyll:25:in `load'
	from /Users/sikka-mac/Obsidian/Second_Brain/02 - Areas/Personal_Website/vendor/bundle/ruby/3.3.0/bin/jekyll:25:in `<top (required)>'
	from /Users/sikka-mac/.rbenv/versions/3.3.0/lib/ruby/gems/3.3.0/gems/bundler-2.5.16/lib/bundler/cli/exec.rb:58:in `load'
	from /Users/sikka-mac/.rbenv/versions/3.3.0/lib/ruby/gems/3.3.0/gems/bundler-2.5.16/lib/bundler/cli/exec.rb:58:in `kernel_load'
	from /Users/sikka-mac/.rbenv/versions/3.3.0/lib/ruby/gems/3.3.0/gems/bundler-2.5.16/lib/bundler/cli/exec.rb:23:in `run'
	from /Users/sikka-mac/.rbenv/versions/3.3.0/lib/ruby/gems/3.3.0/gems/bundler-2.5.16/lib/bundler/cli.rb:455:in `exec'
	from /Users/sikka-mac/.rbenv/versions/3.3.0/lib/ruby/gems/3.3.0/gems/bundler-2.5.16/lib/bundler/vendor/thor/lib/thor/command.rb:28:in `run'
	from /Users/sikka-mac/.rbenv/versions/3.3.0/lib/ruby/gems/3.3.0/gems/bundler-2.5.16/lib/bundler/vendor/thor/lib/thor/invocation.rb:127:in `invoke_command'
	from /Users/sikka-mac/.rbenv/versions/3.3.0/lib/ruby/gems/3.3.0/gems/bundler-2.5.16/lib/bundler/vendor/thor/lib/thor.rb:527:in `dispatch'
	from /Users/sikka-mac/.rbenv/versions/3.3.0/lib/ruby/gems/3.3.0/gems/bundler-2.5.16/lib/bundler/cli.rb:35:in `dispatch'
	from /Users/sikka-mac/.rbenv/versions/3.3.0/lib/ruby/gems/3.3.0/gems/bundler-2.5.16/lib/bundler/vendor/thor/lib/thor/base.rb:584:in `start'
	from /Users/sikka-mac/.rbenv/versions/3.3.0/lib/ruby/gems/3.3.0/gems/bundler-2.5.16/lib/bundler/cli.rb:29:in `start'
	from /Users/sikka-mac/.rbenv/versions/3.3.0/lib/ruby/gems/3.3.0/gems/bundler-2.5.16/exe/bundle:28:in `block in <top (required)>'
	from /Users/sikka-mac/.rbenv/versions/3.3.0/lib/ruby/gems/3.3.0/gems/bundler-2.5.16/lib/bundler/friendly_errors.rb:117:in `with_friendly_errors'
	from /Users/sikka-mac/.rbenv/versions/3.3.0/lib/ruby/gems/3.3.0/gems/bundler-2.5.16/exe/bundle:20:in `<top (required)>'
	from /Users/sikka-mac/.rbenv/versions/3.3.0/bin/bundle:25:in `load'
	from /Users/sikka-mac/.rbenv/versions/3.3.0/bin/bundle:25:in `<main>'
